<?xml version="1.0" encoding="UTF-8"?>
<!-- Generated by org.testng.reporters.JUnitXMLReporter -->
<testsuite ignored="0" hostname="DESKTOP-C5RJD4I" failures="2" tests="2" name="Test2" time="87.246" errors="0" timestamp="2023-03-03T15:02:20 IST">
  <testcase classname="hms.emc.doctor.DoctorAddingMedicalHistoryTest" name="doctorAddingMedicalHistoryTest" time="0.002">
    <failure type="java.lang.NullPointerException" message="Cannot invoke &amp;quot;com.aventstack.extentreports.ExtentReports.createTest(String)&amp;quot; because &amp;quot;this.report&amp;quot; is null">
      <![CDATA[java.lang.NullPointerException: Cannot invoke "com.aventstack.extentreports.ExtentReports.createTest(String)" because "this.report" is null
at com.tyss.genericUtilities.reportUtility.ReportUtility.createTest(ReportUtility.java:51)
at Listener.ExtentReportListener.onTestStart(ExtentReportListener.java:48)
at java.base/java.util.ArrayList.forEach(ArrayList.java:1511)
at java.base/java.util.concurrent.FutureTask.run(FutureTask.java:264)
at java.base/java.util.concurrent.ThreadPoolExecutor.runWorker(ThreadPoolExecutor.java:1130)
at java.base/java.util.concurrent.ThreadPoolExecutor$Worker.run(ThreadPoolExecutor.java:630)
at java.base/java.lang.Thread.run(Thread.java:831)
... Removed 15 stack frames]]>
    </failure>
  </testcase> <!-- doctorAddingMedicalHistoryTest -->
  <testcase classname="hms.emc.doctor.DoctorAddingMedicalHistoryTest" name="doctorAddingMedicalHistoryTest" time="83.852">
    <failure type="java.lang.NullPointerException" message="Cannot invoke &amp;quot;com.aventstack.extentreports.ExtentTest.fail(String)&amp;quot; because &amp;quot;test&amp;quot; is null">
      <![CDATA[java.lang.NullPointerException: Cannot invoke "com.aventstack.extentreports.ExtentTest.fail(String)" because "test" is null
at com.tyss.genericUtilities.reportUtility.ReportUtility.fail(ReportUtility.java:62)
at Listener.ExtentReportListener.onTestFailure(ExtentReportListener.java:66)
at java.base/java.util.ArrayList.forEach(ArrayList.java:1511)
at java.base/java.util.concurrent.FutureTask.run(FutureTask.java:264)
at java.base/java.util.concurrent.ThreadPoolExecutor.runWorker(ThreadPoolExecutor.java:1130)
at java.base/java.util.concurrent.ThreadPoolExecutor$Worker.run(ThreadPoolExecutor.java:630)
at java.base/java.lang.Thread.run(Thread.java:831)
... Removed 15 stack frames]]>
    </failure>
  </testcase> <!-- doctorAddingMedicalHistoryTest -->
</testsuite> <!-- Test2 -->
