<?xml version="1.0" encoding="UTF-8"?>
<!-- Generated by org.testng.reporters.JUnitXMLReporter -->
<testsuite ignored="0" hostname="DESKTOP-C5RJD4I" failures="0" tests="2" name="Test" time="109.896" errors="0" timestamp="2023-03-03T15:18:01 IST">
  <testcase classname="hms.emc.doctor.DoctorAddingMedicalHistoryTest" name="doctorAddingMedicalHistoryTest" time="31.153"/>
  <testcase classname="hms.emc.doctor.AddingDoctorUserBookingAppointmentDeleteDoctorLoginAsDoctorTest" name="addingDoctorUserBookingAppointmentDeleteDoctorLoginAsDoctorTest" time="31.561"/>
</testsuite> <!-- Test -->
