<?xml version="1.0" encoding="UTF-8"?>
<testng-results skipped="0" failed="1" ignored="0" total="2" passed="1">
  <reporter-output>
  </reporter-output>
  <suite name="Suite" duration-ms="34028" started-at="2023-04-25T16:16:25 IST" finished-at="2023-04-25T16:16:59 IST">
    <groups>
      <group name="regression">
        <method signature="AddingDoctorUserBookingAppointmentDeleteDoctorLoginAsDoctorTest.addingDoctorUserBookingAppointmentDeleteDoctorLoginAsDoctorTest()[pri:0, instance:hms.emc.doctor.AddingDoctorUserBookingAppointmentDeleteDoctorLoginAsDoctorTest@3b084709]" name="addingDoctorUserBookingAppointmentDeleteDoctorLoginAsDoctorTest" class="hms.emc.doctor.AddingDoctorUserBookingAppointmentDeleteDoctorLoginAsDoctorTest"/>
      </group> <!-- regression -->
    </groups>
    <test name="Test" duration-ms="34028" started-at="2023-04-25T16:16:25 IST" finished-at="2023-04-25T16:16:59 IST">
      <class name="hms.emc.doctor.AddingDoctorUserBookingAppointmentDeleteDoctorLoginAsDoctorTest">
        <test-method status="PASS" signature="ImplementationSetup(java.lang.String)[pri:0, instance:hms.emc.doctor.AddingDoctorUserBookingAppointmentDeleteDoctorLoginAsDoctorTest@3b084709]" name="ImplementationSetup" is-config="true" duration-ms="951" started-at="2023-04-25T16:16:25 IST" finished-at="2023-04-25T16:16:26 IST">
          <params>
            <param index="0">
              <value is-null="true"/>
            </param>
          </params>
          <reporter-output>
          </reporter-output>
        </test-method> <!-- ImplementationSetup -->
        <test-method status="PASS" signature="setup()[pri:0, instance:hms.emc.doctor.AddingDoctorUserBookingAppointmentDeleteDoctorLoginAsDoctorTest@3b084709]" name="setup" is-config="true" duration-ms="4727" started-at="2023-04-25T16:16:26 IST" finished-at="2023-04-25T16:16:31 IST">
          <reporter-output>
          </reporter-output>
        </test-method> <!-- setup -->
        <test-method status="FAIL" signature="addingDoctorUserBookingAppointmentDeleteDoctorLoginAsDoctorTest()[pri:0, instance:hms.emc.doctor.AddingDoctorUserBookingAppointmentDeleteDoctorLoginAsDoctorTest@3b084709]" name="addingDoctorUserBookingAppointmentDeleteDoctorLoginAsDoctorTest" duration-ms="9469" started-at="2023-04-25T16:16:31 IST" finished-at="2023-04-25T16:16:40 IST">
          <exception class="org.openqa.selenium.NoAlertPresentException">
            <message>
              <![CDATA[no such alert
  (Session info: chrome=112.0.5615.138)
Build info: version: '3.141.59', revision: 'e82be7d358', time: '2018-11-14T08:17:03'
System info: host: 'DESKTOP-C8S3NG8', ip: '192.168.0.245', os.name: 'Windows 10', os.arch: 'amd64', os.version: '10.0', java.version: '1.8.0_291'
Driver info: org.openqa.selenium.chrome.ChromeDriver
Capabilities {acceptInsecureCerts: false, browserName: chrome, browserVersion: 112.0.5615.138, chrome: {chromedriverVersion: 112.0.5615.49 (bd2a7bcb881c..., userDataDir: C:\Users\DELL\AppData\Local...}, goog:chromeOptions: {debuggerAddress: localhost:54498}, javascriptEnabled: true, networkConnectionEnabled: false, pageLoadStrategy: normal, platform: WINDOWS, platformName: WINDOWS, proxy: Proxy(), setWindowRect: true, strictFileInteractability: false, timeouts: {implicit: 0, pageLoad: 300000, script: 30000}, unhandledPromptBehavior: dismiss and notify, webauthn:extension:credBlob: true, webauthn:extension:largeBlob: true, webauthn:extension:minPinLength: true, webauthn:extension:prf: true, webauthn:virtualAuthenticators: true}
Session ID: 3eb2047ae00b66c239eb5d1fe346a11e]]>
            </message>
            <full-stacktrace>
              <![CDATA[org.openqa.selenium.NoAlertPresentException: no such alert
  (Session info: chrome=112.0.5615.138)
Build info: version: '3.141.59', revision: 'e82be7d358', time: '2018-11-14T08:17:03'
System info: host: 'DESKTOP-C8S3NG8', ip: '192.168.0.245', os.name: 'Windows 10', os.arch: 'amd64', os.version: '10.0', java.version: '1.8.0_291'
Driver info: org.openqa.selenium.chrome.ChromeDriver
Capabilities {acceptInsecureCerts: false, browserName: chrome, browserVersion: 112.0.5615.138, chrome: {chromedriverVersion: 112.0.5615.49 (bd2a7bcb881c..., userDataDir: C:\Users\DELL\AppData\Local...}, goog:chromeOptions: {debuggerAddress: localhost:54498}, javascriptEnabled: true, networkConnectionEnabled: false, pageLoadStrategy: normal, platform: WINDOWS, platformName: WINDOWS, proxy: Proxy(), setWindowRect: true, strictFileInteractability: false, timeouts: {implicit: 0, pageLoad: 300000, script: 30000}, unhandledPromptBehavior: dismiss and notify, webauthn:extension:credBlob: true, webauthn:extension:largeBlob: true, webauthn:extension:minPinLength: true, webauthn:extension:prf: true, webauthn:virtualAuthenticators: true}
Session ID: 3eb2047ae00b66c239eb5d1fe346a11e
at sun.reflect.NativeConstructorAccessorImpl.newInstance0(Native Method)
at sun.reflect.NativeConstructorAccessorImpl.newInstance(NativeConstructorAccessorImpl.java:62)
at sun.reflect.DelegatingConstructorAccessorImpl.newInstance(DelegatingConstructorAccessorImpl.java:45)
at java.lang.reflect.Constructor.newInstance(Constructor.java:423)
at org.openqa.selenium.remote.http.W3CHttpResponseCodec.createException(W3CHttpResponseCodec.java:187)
at org.openqa.selenium.remote.http.W3CHttpResponseCodec.decode(W3CHttpResponseCodec.java:122)
at org.openqa.selenium.remote.http.W3CHttpResponseCodec.decode(W3CHttpResponseCodec.java:49)
at org.openqa.selenium.remote.HttpCommandExecutor.execute(HttpCommandExecutor.java:158)
at org.openqa.selenium.remote.service.DriverCommandExecutor.execute(DriverCommandExecutor.java:83)
at org.openqa.selenium.remote.RemoteWebDriver.execute(RemoteWebDriver.java:552)
at org.openqa.selenium.remote.RemoteWebDriver.execute(RemoteWebDriver.java:609)
at org.openqa.selenium.remote.RemoteWebDriver$RemoteTargetLocator.alert(RemoteWebDriver.java:932)
at com.tyss.genericUtilities.WebActions.PopupUtility.acceptAlert(PopupUtility.java:22)
at hms.emc.doctor.AddingDoctorUserBookingAppointmentDeleteDoctorLoginAsDoctorTest.addingDoctorUserBookingAppointmentDeleteDoctorLoginAsDoctorTest(AddingDoctorUserBookingAppointmentDeleteDoctorLoginAsDoctorTest.java:62)
at sun.reflect.NativeMethodAccessorImpl.invoke0(Native Method)
at sun.reflect.NativeMethodAccessorImpl.invoke(NativeMethodAccessorImpl.java:62)
at sun.reflect.DelegatingMethodAccessorImpl.invoke(DelegatingMethodAccessorImpl.java:43)
at java.lang.reflect.Method.invoke(Method.java:498)
at org.testng.internal.MethodInvocationHelper.invokeMethod(MethodInvocationHelper.java:132)
at org.testng.internal.TestInvoker.invokeMethod(TestInvoker.java:599)
at org.testng.internal.TestInvoker.invokeTestMethod(TestInvoker.java:174)
at org.testng.internal.MethodRunner.runInSequence(MethodRunner.java:46)
at org.testng.internal.TestInvoker$MethodInvocationAgent.invoke(TestInvoker.java:822)
at org.testng.internal.TestInvoker.invokeTestMethods(TestInvoker.java:147)
at org.testng.internal.TestMethodWorker.invokeTestMethods(TestMethodWorker.java:146)
at org.testng.internal.TestMethodWorker.run(TestMethodWorker.java:128)
at java.util.ArrayList.forEach(ArrayList.java:1259)
at org.testng.TestRunner.privateRun(TestRunner.java:764)
at org.testng.TestRunner.run(TestRunner.java:585)
at org.testng.SuiteRunner.runTest(SuiteRunner.java:384)
at org.testng.SuiteRunner.runSequentially(SuiteRunner.java:378)
at org.testng.SuiteRunner.privateRun(SuiteRunner.java:337)
at org.testng.SuiteRunner.run(SuiteRunner.java:286)
at org.testng.SuiteRunnerWorker.runSuite(SuiteRunnerWorker.java:53)
at org.testng.SuiteRunnerWorker.run(SuiteRunnerWorker.java:96)
at org.testng.TestNG.runSuitesSequentially(TestNG.java:1218)
at org.testng.TestNG.runSuitesLocally(TestNG.java:1140)
at org.testng.TestNG.runSuites(TestNG.java:1069)
at org.testng.TestNG.run(TestNG.java:1037)
at org.apache.maven.surefire.testng.TestNGExecutor.run(TestNGExecutor.java:324)
at org.apache.maven.surefire.testng.TestNGXmlTestSuite.execute(TestNGXmlTestSuite.java:74)
at org.apache.maven.surefire.testng.TestNGProvider.invoke(TestNGProvider.java:123)
at org.apache.maven.surefire.booter.ForkedBooter.runSuitesInProcess(ForkedBooter.java:456)
at org.apache.maven.surefire.booter.ForkedBooter.execute(ForkedBooter.java:169)
at org.apache.maven.surefire.booter.ForkedBooter.run(ForkedBooter.java:595)
at org.apache.maven.surefire.booter.ForkedBooter.main(ForkedBooter.java:581)
]]>
            </full-stacktrace>
          </exception> <!-- org.openqa.selenium.NoAlertPresentException -->
          <reporter-output>
          </reporter-output>
        </test-method> <!-- addingDoctorUserBookingAppointmentDeleteDoctorLoginAsDoctorTest -->
        <test-method status="PASS" signature="close()[pri:0, instance:hms.emc.doctor.AddingDoctorUserBookingAppointmentDeleteDoctorLoginAsDoctorTest@3b084709]" name="close" is-config="true" duration-ms="840" started-at="2023-04-25T16:16:40 IST" finished-at="2023-04-25T16:16:41 IST">
          <reporter-output>
          </reporter-output>
        </test-method> <!-- close -->
        <test-method status="PASS" signature="ImplementationTearDown()[pri:0, instance:hms.emc.doctor.AddingDoctorUserBookingAppointmentDeleteDoctorLoginAsDoctorTest@3b084709]" name="ImplementationTearDown" is-config="true" duration-ms="1" started-at="2023-04-25T16:16:41 IST" finished-at="2023-04-25T16:16:41 IST">
          <reporter-output>
          </reporter-output>
        </test-method> <!-- ImplementationTearDown -->
      </class> <!-- hms.emc.doctor.AddingDoctorUserBookingAppointmentDeleteDoctorLoginAsDoctorTest -->
      <class name="hms.emc.admin.AddingDoctorSpecialisationDoctorEDitDoctorDeleteDoctorTest">
        <test-method status="PASS" signature="ImplementationSetup(java.lang.String)[pri:0, instance:hms.emc.admin.AddingDoctorSpecialisationDoctorEDitDoctorDeleteDoctorTest@3224f60b]" name="ImplementationSetup" is-config="true" duration-ms="62" started-at="2023-04-25T16:16:41 IST" finished-at="2023-04-25T16:16:41 IST">
          <params>
            <param index="0">
              <value is-null="true"/>
            </param>
          </params>
          <reporter-output>
          </reporter-output>
        </test-method> <!-- ImplementationSetup -->
        <test-method status="PASS" signature="setup()[pri:0, instance:hms.emc.admin.AddingDoctorSpecialisationDoctorEDitDoctorDeleteDoctorTest@3224f60b]" name="setup" is-config="true" duration-ms="2711" started-at="2023-04-25T16:16:41 IST" finished-at="2023-04-25T16:16:44 IST">
          <reporter-output>
          </reporter-output>
        </test-method> <!-- setup -->
        <test-method status="PASS" signature="addingDoctorSpecialisationDoctorEDitDoctorDeleteDoctorTest()[pri:0, instance:hms.emc.admin.AddingDoctorSpecialisationDoctorEDitDoctorDeleteDoctorTest@3224f60b]" name="addingDoctorSpecialisationDoctorEDitDoctorDeleteDoctorTest" duration-ms="14409" started-at="2023-04-25T16:16:44 IST" finished-at="2023-04-25T16:16:58 IST">
          <reporter-output>
          </reporter-output>
        </test-method> <!-- addingDoctorSpecialisationDoctorEDitDoctorDeleteDoctorTest -->
        <test-method status="PASS" signature="close()[pri:0, instance:hms.emc.admin.AddingDoctorSpecialisationDoctorEDitDoctorDeleteDoctorTest@3224f60b]" name="close" is-config="true" duration-ms="820" started-at="2023-04-25T16:16:58 IST" finished-at="2023-04-25T16:16:59 IST">
          <reporter-output>
          </reporter-output>
        </test-method> <!-- close -->
        <test-method status="PASS" signature="ImplementationTearDown()[pri:0, instance:hms.emc.admin.AddingDoctorSpecialisationDoctorEDitDoctorDeleteDoctorTest@3224f60b]" name="ImplementationTearDown" is-config="true" duration-ms="1" started-at="2023-04-25T16:16:59 IST" finished-at="2023-04-25T16:16:59 IST">
          <reporter-output>
          </reporter-output>
        </test-method> <!-- ImplementationTearDown -->
      </class> <!-- hms.emc.admin.AddingDoctorSpecialisationDoctorEDitDoctorDeleteDoctorTest -->
    </test> <!-- Test -->
  </suite> <!-- Suite -->
</testng-results>
