<?xml version="1.0" encoding="UTF-8"?>
<testng-results ignored="0" total="1" passed="1" failed="0" skipped="0">
  <reporter-output>
  </reporter-output>
  <suite started-at="2023-04-28T16:11:18 IST" name="Default suite" finished-at="2023-04-28T16:11:33 IST" duration-ms="15029">
    <groups>
    </groups>
    <test started-at="2023-04-28T16:11:18 IST" name="Default test" finished-at="2023-04-28T16:11:33 IST" duration-ms="15029">
      <class name="hms.emc.admin.AddingDoctorSpecialisationDoctorEDitDoctorDeleteDoctorTest">
        <test-method is-config="true" signature="ImplementationSetup(java.lang.String)[pri:0, instance:hms.emc.admin.AddingDoctorSpecialisationDoctorEDitDoctorDeleteDoctorTest@3e11f9e9]" started-at="2023-04-28T16:11:18 IST" name="ImplementationSetup" finished-at="2023-04-28T16:11:19 IST" duration-ms="1064" status="PASS">
          <params>
            <param index="0">
              <value is-null="true"/>
            </param>
          </params>
          <reporter-output>
          </reporter-output>
        </test-method> <!-- ImplementationSetup -->
        <test-method is-config="true" signature="setup()[pri:0, instance:hms.emc.admin.AddingDoctorSpecialisationDoctorEDitDoctorDeleteDoctorTest@3e11f9e9]" started-at="2023-04-28T16:11:19 IST" name="setup" finished-at="2023-04-28T16:11:22 IST" duration-ms="3500" status="PASS">
          <reporter-output>
          </reporter-output>
        </test-method> <!-- setup -->
        <test-method signature="addingDoctorSpecialisationDoctorEDitDoctorDeleteDoctorTest()[pri:0, instance:hms.emc.admin.AddingDoctorSpecialisationDoctorEDitDoctorDeleteDoctorTest@3e11f9e9]" started-at="2023-04-28T16:11:22 IST" name="addingDoctorSpecialisationDoctorEDitDoctorDeleteDoctorTest" finished-at="2023-04-28T16:11:32 IST" duration-ms="10067" status="PASS">
          <reporter-output>
          </reporter-output>
        </test-method> <!-- addingDoctorSpecialisationDoctorEDitDoctorDeleteDoctorTest -->
        <test-method is-config="true" signature="close()[pri:0, instance:hms.emc.admin.AddingDoctorSpecialisationDoctorEDitDoctorDeleteDoctorTest@3e11f9e9]" started-at="2023-04-28T16:11:32 IST" name="close" finished-at="2023-04-28T16:11:33 IST" duration-ms="355" status="PASS">
          <reporter-output>
          </reporter-output>
        </test-method> <!-- close -->
        <test-method is-config="true" signature="ImplementationTearDown()[pri:0, instance:hms.emc.admin.AddingDoctorSpecialisationDoctorEDitDoctorDeleteDoctorTest@3e11f9e9]" started-at="2023-04-28T16:11:33 IST" name="ImplementationTearDown" finished-at="2023-04-28T16:11:33 IST" duration-ms="1" status="PASS">
          <reporter-output>
          </reporter-output>
        </test-method> <!-- ImplementationTearDown -->
      </class> <!-- hms.emc.admin.AddingDoctorSpecialisationDoctorEDitDoctorDeleteDoctorTest -->
    </test> <!-- Default test -->
  </suite> <!-- Default suite -->
</testng-results>
